<html>
<head><meta http-equiv="Content-Type" content="text/html; charset=UTF-8" />
<title>[ruby-ffi] ffi-0.6.2 installation problem</title>
<link rel="important stylesheet" href="">
<style>div.headerdisplayname {font-weight:bold;}</style></head>
<body>
<table border=0 cellspacing=0 cellpadding=0 width="100%" class="header-part1"><tr><td><div class="headerdisplayname" style="display:inline;">Subject: </div>[ruby-ffi] ffi-0.6.2 installation problem</td></tr><tr><td><div class="headerdisplayname" style="display:inline;">From: </div>satyajit bhuyan <satyajitbhuyan@gmail.com></td></tr><tr><td><div class="headerdisplayname" style="display:inline;">Date: </div>4/28/10 2:36 AM</td></tr></table><table border=0 cellspacing=0 cellpadding=0 width="100%" class="header-part2"><tr><td><div class="headerdisplayname" style="display:inline;">To: </div>ruby-ffi <ruby-ffi@googlegroups.com></td></tr></table><br>
<div class="moz-text-plain" wrap=true graphical-quote=true style="font-family: -moz-fixed; font-size: 12px;" lang="x-western"><pre wrap>
While installing ffi-0.6.2 ,I am facing on problem.

My PC runs on Windows XP.

I have already have gem version 1.3.6 and ruby 1.8.7 &lt;2010 01-10
patchlevel 249&gt; [i386-mingw32]

but it fails and on command prompt throws this error:


Microsoft Windows XP [Version 5.1.2600]
(C) Copyright 1985-2001 Microsoft Corp.

C:\Documents and Settings\sabhu&gt;d:

D:\&gt;gem install ffi --version 0.6.2
Building native extensions.  This could take a while...
ERROR:  Error installing ffi:
        ERROR: Failed to build gem native extension.

C:/Ruby/bin/ruby.exe extconf.rb
checking for rb_thread_blocking_region()... no
creating extconf.h
creating Makefile

make
Configuring libffi
rm: cannot lstat `conftest.er1': Permission denied
rm: cannot lstat `conftest.er1': Permission denied
/c/Ruby/lib/ruby/gems/1.8/gems/ffi-0.6.2/ext/ffi_c/libffi/configure:
line 3413:
conftest.er1: Permission denied
grep: conftest.er1: Permission denied
rm: cannot lstat `conftest.er1': Permission denied
/c/Ruby/lib/ruby/gems/1.8/gems/ffi-0.6.2/ext/ffi_c/libffi/configure:
line 3560:
conftest.er1: Permission denied
grep: conftest.er1: Permission denied
rm: cannot lstat `conftest.er1': Permission denied
/c/Ruby/lib/ruby/gems/1.8/gems/ffi-0.6.2/ext/ffi_c/libffi/configure:
line 3560:
conftest.er1: Permission denied
grep: conftest.er1: Permission denied
/c/Ruby/lib/ruby/gems/1.8/gems/ffi-0.6.2/ext/ffi_c/libffi/configure:
line 3560:
conftest.er1: Permission denied
grep: conftest.er1: Permission denied
rm: cannot lstat `conftest.er1': Permission denied
/c/Ruby/lib/ruby/gems/1.8/gems/ffi-0.6.2/ext/ffi_c/libffi/configure:
line 3642:
conftest.er1: Permission denied
grep: conftest.er1: Permission denied
rm: cannot lstat `conftest.er1': Permission denied
/c/Ruby/lib/ruby/gems/1.8/gems/ffi-0.6.2/ext/ffi_c/libffi/configure:
line 3642:
conftest.er1: Permission denied
grep: conftest.er1: Permission denied
rm: cannot lstat `conftest.er1': Permission denied
/c/Ruby/lib/ruby/gems/1.8/gems/ffi-0.6.2/ext/ffi_c/libffi/configure:
line 3642:
conftest.er1: Permission denied
grep: conftest.er1: Permission denied
rm: cannot lstat `conftest.er1': Permission denied
/c/Ruby/lib/ruby/gems/1.8/gems/ffi-0.6.2/ext/ffi_c/libffi/configure:
line 3642:
conftest.er1: Permission denied
grep: conftest.er1: Permission denied
rm: cannot lstat `conftest.er1': Permission denied
/c/Ruby/lib/ruby/gems/1.8/gems/ffi-0.6.2/ext/ffi_c/libffi/configure:
line 3642:
conftest.er1: Permission denied
grep: conftest.er1: Permission denied
rm: cannot lstat `conftest.er1': Permission denied
/c/Ruby/lib/ruby/gems/1.8/gems/ffi-0.6.2/ext/ffi_c/libffi/configure:
line 3642:
conftest.er1: Permission denied
grep: conftest.er1: Permission denied
rm: cannot lstat `conftest.er1': Permission denied
/c/Ruby/lib/ruby/gems/1.8/gems/ffi-0.6.2/ext/ffi_c/libffi/configure:
line 3642:
conftest.er1: Permission denied
grep: conftest.er1: Permission denied
rm: cannot lstat `conftest.er1': Permission denied
rm: cannot lstat `conftest.er1': Permission denied
rm: cannot lstat `conftest.er1': Permission denied
rm: cannot lstat `conftest.er1': Permission denied
rm: cannot lstat `conftest.er1': Permission denied
rm: cannot lstat `conftest.er1': Permission denied
rm: cannot lstat `conftest.er1': Permission denied
/c/Ruby/lib/ruby/gems/1.8/gems/ffi-0.6.2/ext/ffi_c/libffi/configure:
line 6813:
conftest.er1: Permission denied
grep: conftest.er1: Permission denied
rm: cannot lstat `conftest.er1': Permission denied
/c/Ruby/lib/ruby/gems/1.8/gems/ffi-0.6.2/ext/ffi_c/libffi/configure:
line 6813:
conftest.er1: Permission denied
grep: conftest.er1: Permission denied
rm: cannot lstat `conftest.er1': Permission denied
/c/Ruby/lib/ruby/gems/1.8/gems/ffi-0.6.2/ext/ffi_c/libffi/configure:
line 6813:
conftest.er1: Permission denied
grep: conftest.er1: Permission denied
rm: cannot lstat `conftest.er1': Permission denied
/c/Ruby/lib/ruby/gems/1.8/gems/ffi-0.6.2/ext/ffi_c/libffi/configure:
line 6813:
conftest.er1: Permission denied
grep: conftest.er1: Permission denied
rm: cannot lstat `conftest.er1': Permission denied
/c/Ruby/lib/ruby/gems/1.8/gems/ffi-0.6.2/ext/ffi_c/libffi/configure:
line 6813:
conftest.er1: Permission denied
grep: conftest.er1: Permission denied
rm: cannot lstat `conftest.er1': Permission denied
/c/Ruby/lib/ruby/gems/1.8/gems/ffi-0.6.2/ext/ffi_c/libffi/configure:
line 6813:
conftest.er1: Permission denied
grep: conftest.er1: Permission denied
rm: cannot lstat `conftest.er1': Permission denied
/c/Ruby/lib/ruby/gems/1.8/gems/ffi-0.6.2/ext/ffi_c/libffi/configure:
line 6920:
conftest.er1: Permission denied
grep: conftest.er1: Permission denied
rm: cannot lstat `conftest.er1': Permission denied
grep: conftest.er1: Permission denied
rm: cannot lstat `conftest.er1': Permission denied
configure: error: in `<i class="moz-txt-slash"><span class="moz-txt-tag">/</span>c/Ruby/lib/ruby/gems/1.8/gems/ffi-0.6.2/ext<span class="moz-txt-tag">/</span></i>
ffi_c/libffi'
:
configure: error: C preprocessor "/lib/cpp" fails sanity check
See `config.log' for more details.
rm: cannot lstat `conftest.er1': Permission denied
make: *** [<i class="moz-txt-slash"><span class="moz-txt-tag">/</span>c/Ruby/lib/ruby/gems/1.8/gems/ffi-0.6.2/ext/ffi_c<span class="moz-txt-tag">/</span></i>
libffi/.libs/libff
i_convenience.a] Error 1


Gem files will remain installed in C:<i class="moz-txt-slash"><span class="moz-txt-tag">/</span>Ruby/lib/ruby/gems/1.8/gems<span class="moz-txt-tag">/</span></i>
ffi-0.6.2 for
inspection.
Results logged to C:<i class="moz-txt-slash"><span class="moz-txt-tag">/</span>Ruby/lib/ruby/gems/1.8/gems/ffi-0.6.2/ext/ffi_c<span class="moz-txt-tag">/</span></i>
gem_make.ou
t

D:\&gt;



</pre></div></body>
</html>
</table></div>