<html>
<head><meta http-equiv="Content-Type" content="text/html; charset=UTF-8" />
<title>[ruby-ffi] Re: Install ffi on Mac OS one a volume name with a space</title>
<link rel="important stylesheet" href="">
<style>div.headerdisplayname {font-weight:bold;}</style></head>
<body>
<table border=0 cellspacing=0 cellpadding=0 width="100%" class="header-part1"><tr><td><div class="headerdisplayname" style="display:inline;">Subject: </div>[ruby-ffi] Re: Install ffi on Mac OS one a volume name with a space</td></tr><tr><td><div class="headerdisplayname" style="display:inline;">From: </div>Zac Parker <zac.parker@gmail.com></td></tr><tr><td><div class="headerdisplayname" style="display:inline;">Date: </div>7/4/12 4:16 AM</td></tr></table><table border=0 cellspacing=0 cellpadding=0 width="100%" class="header-part2"><tr><td><div class="headerdisplayname" style="display:inline;">To: </div>ruby-ffi@googlegroups.com</td></tr></table><br>
<div class="moz-text-html"  lang="x-unicode">Anyone? I'm having the same issue. Any help is much appreciated. <br><br>Thanks!<br><br>On Thursday, December 15, 2011 2:40:26 PM UTC-8, Ross Rankin wrote:<blockquote class="gmail_quote" style="margin: 0;margin-left: 0.8ex;border-left: 1px #ccc solid;padding-left: 1ex;">Is there a workaround to this bug? &nbsp;Issue #87 talks about it but it<br>looks like no one is responding to comments... &nbsp;Anyway, I've tried all<br>kinds of symlinks, parameters, and environment variables and yet its<br>seems to pull the path /Volumes/Macintosh HD/ no mater what I do...<br>I've tried manually installing via ./configure, make, make install<br>still not love, even editing the build file by hand... &nbsp;any ideas?<br>Here's the error I get on bundle install:<br>Gem::Installer::<wbr>ExtensionBuildError: ERROR: Failed to build gem native<br>extension.<p>&nbsp; &nbsp; &nbsp; &nbsp; /Users/Ross/.rvm/rubies/ruby-<wbr>1.9.2-p180/bin/ruby extconf.rb<br>checking for ffi.h... no<br>checking for ffi.h in /usr/local/include... no<br>checking for rb_thread_blocking_region()... yes<br>checking for ruby_thread_has_gvl_p()... yes<br>checking for ruby_native_thread_p()... yes<br>checking for rb_thread_call_with_gvl()... yes<br>creating extconf.h<br>creating Makefile</p><p>make<br>Configuring libffi<br>configure: WARNING: Libtool does not cope well with whitespace in<br>`pwd`<br>cd "/Volumes/Macintosh HD/Users/Ross/.rvm/gems/ruby-<wbr>1.9.2-p180@webapp/<br>gems/ruby/1.9.1/gems/ffi-1.0.<wbr>11/ext/ffi_c/libffi" &amp;&amp; make<br>make "AR_FLAGS=" "CC_FOR_BUILD=" "CFLAGS=" "CXXFLAGS="<br>"CFLAGS_FOR_BUILD=" "CFLAGS_FOR_TARGET=" "INSTALL=/usr/bin/install -c"<br>"INSTALL_DATA=/usr/bin/install -c -m 644" "INSTALL_PROGRAM=/usr/bin/<br>install -c" "INSTALL_SCRIPT=/usr/bin/<wbr>install -c" "JC1FLAGS="<br>"LDFLAGS=" "LIBCFLAGS=" "LIBCFLAGS_FOR_TARGET=" "MAKE=make" "MAKEINFO=/<br>bin/sh "/Volumes/Macintosh HD/Users/Ross/.rvm/gems/ruby-<wbr>1.9.2-<br>p180@webapp/gems/ruby/1.9.1/<wbr>gems/ffi-1.0.11/ext/ffi_c/<wbr>libffi/missing"<br>--run makeinfo " "PICFLAG=" "PICFLAG_FOR_TARGET=" "RUNTESTFLAGS="<br>"SHELL=/bin/sh" "exec_prefix=/usr/local" "infodir=/usr/local/share/<br>info" "libdir=/usr/local/lib" "prefix=/usr/local" "AR=ar" "AS=as"<br>"CC=gcc" "CXX=g++" "LD=ld" "NM=/usr/bin/nm" "RANLIB=ranlib" "DESTDIR="<br>all-recursive<br>make[2]: *** No rule to make target `HD/Users/Ross/.rvm/gems/<br>ruby-1.9.2-p180@webapp/gems/<wbr>ruby/1.9.1/gems/ffi-1.0.11/<wbr>ext/ffi_c/<br>libffi/missing --run makeinfo '. &nbsp;Stop.<br>make[1]: *** [all] Error 2<br>make: *** ["/Volumes/Macintosh] Error 2</p><p><br>Gem files will remain installed in /Users/Ross/.rvm/gems/ruby-1.<wbr>9.2-<br>p180@webapp/gems/ruby/1.9.1/<wbr>gems/ffi-1.0.11 for inspection.<br>Results logged to /Users/Ross/.rvm/gems/ruby-1.<wbr>9.2-p180@webapp/gems/<br>ruby/1.9.1/gems/ffi-1.0.11/<wbr>ext/ffi_c/gem_make.out</p><p>Here's the error I get when I do the make install:<br>ranlib: file: /usr/local/lib/libffi.a(ffi.o) has no symbols<br>ranlib: file: /usr/local/lib/libffi.a(<wbr>darwin.o) has no symbols<br>/Volumes/Macintosh: /Volumes/Macintosh: is a directory<br>make[2]: *** [install-libLTLIBRARIES] Error 126<br>make[1]: *** [install-am] Error 2<br>make: *** [install-recursive] Error 1</p><p>Out if ideas... anyone else have an idea on how to get past this?<br></p><p></p><p></p><p></p><p></p></blockquote>
</div></body>
</html>
</table></div>